2024-10-30 12:17:07 INFO  Utils:112 - [TestNG] Running:
  C:\Users\kmk\AppData\Local\JetBrains\IdeaIC2023.3\temp-testng-customsuite.xml

2024-10-30 12:17:11 INFO  TC001_Account_Registration_Test:16 - ***** Starting TC001_Account_Registration_Test *****
2024-10-30 12:17:11 INFO  TC001_Account_Registration_Test:20 - Clicked on My_Account Link.....
2024-10-30 12:17:12 INFO  TC001_Account_Registration_Test:22 - Clicked on Register Link.....
2024-10-30 12:17:12 INFO  TC001_Account_Registration_Test:33 - Providing Customer Details.....
2024-10-30 12:17:12 INFO  TC001_Account_Registration_Test:36 - Selected the Agree Checkbox.....
2024-10-30 12:17:13 INFO  TC001_Account_Registration_Test:39 - Clicked on Continue Button.....
2024-10-30 12:17:13 INFO  TC001_Account_Registration_Test:44 - Validated the Expected Message.....
2024-10-30 12:17:13 INFO  TC001_Account_Registration_Test:58 - ***** Finished TC001_Account_Registration_Test *****
2024-10-30 12:17:31 INFO  Utils:112 - [TestNG] Running:
  C:\Users\kmk\AppData\Local\JetBrains\IdeaIC2023.3\temp-testng-customsuite.xml

2024-10-30 12:17:35 INFO  TC001_Account_Registration_Test:16 - ***** Starting TC001_Account_Registration_Test *****
2024-10-30 12:17:35 INFO  TC001_Account_Registration_Test:20 - Clicked on My_Account Link.....
2024-10-30 12:17:35 INFO  TC001_Account_Registration_Test:22 - Clicked on Register Link.....
2024-10-30 12:17:36 INFO  TC001_Account_Registration_Test:33 - Providing Customer Details.....
2024-10-30 12:17:36 INFO  TC001_Account_Registration_Test:36 - Selected the Agree Checkbox.....
2024-10-30 12:17:37 INFO  TC001_Account_Registration_Test:39 - Clicked on Continue Button.....
2024-10-30 12:17:37 INFO  TC001_Account_Registration_Test:44 - Validated the Expected Message.....
2024-10-30 12:17:37 INFO  TC001_Account_Registration_Test:58 - ***** Finished TC001_Account_Registration_Test *****
2024-10-30 12:17:55 INFO  Utils:112 - [TestNG] Running:
  C:\Users\kmk\AppData\Local\JetBrains\IdeaIC2023.3\temp-testng-customsuite.xml

2024-10-30 12:18:00 INFO  TC001_Account_Registration_Test:16 - ***** Starting TC001_Account_Registration_Test *****
2024-10-30 12:18:00 INFO  TC001_Account_Registration_Test:20 - Clicked on My_Account Link.....
2024-10-30 12:18:00 INFO  TC001_Account_Registration_Test:22 - Clicked on Register Link.....
2024-10-30 12:18:01 INFO  TC001_Account_Registration_Test:33 - Providing Customer Details.....
2024-10-30 12:18:01 INFO  TC001_Account_Registration_Test:36 - Selected the Agree Checkbox.....
2024-10-30 12:18:02 INFO  TC001_Account_Registration_Test:39 - Clicked on Continue Button.....
2024-10-30 12:18:02 INFO  TC001_Account_Registration_Test:44 - Validated the Expected Message.....
2024-10-30 12:18:02 INFO  TC001_Account_Registration_Test:58 - ***** Finished TC001_Account_Registration_Test *****
2024-10-30 12:18:48 INFO  Utils:112 - [TestNG] Running:
  C:\Users\kmk\AppData\Local\JetBrains\IdeaIC2023.3\temp-testng-customsuite.xml

2024-10-30 12:18:52 INFO  TC001_Account_Registration_Test:16 - ***** Starting TC001_Account_Registration_Test *****
2024-10-30 12:18:52 INFO  TC001_Account_Registration_Test:20 - Clicked on My_Account Link.....
2024-10-30 12:18:53 INFO  TC001_Account_Registration_Test:22 - Clicked on Register Link.....
2024-10-30 12:18:53 INFO  TC001_Account_Registration_Test:33 - Providing Customer Details.....
2024-10-30 12:18:53 INFO  TC001_Account_Registration_Test:36 - Selected the Agree Checkbox.....
2024-10-30 12:18:54 INFO  TC001_Account_Registration_Test:39 - Clicked on Continue Button.....
2024-10-30 12:18:54 INFO  TC001_Account_Registration_Test:44 - Validated the Expected Message.....
2024-10-30 12:18:54 INFO  TC001_Account_Registration_Test:58 - ***** Finished TC001_Account_Registration_Test *****
2024-10-30 12:19:13 INFO  Utils:112 - [TestNG] Running:
  C:\Users\kmk\AppData\Local\JetBrains\IdeaIC2023.3\temp-testng-customsuite.xml

2024-10-30 12:19:17 INFO  TC001_Account_Registration_Test:16 - ***** Starting TC001_Account_Registration_Test *****
2024-10-30 12:19:17 INFO  TC001_Account_Registration_Test:20 - Clicked on My_Account Link.....
2024-10-30 12:19:17 INFO  TC001_Account_Registration_Test:22 - Clicked on Register Link.....
2024-10-30 12:19:18 INFO  TC001_Account_Registration_Test:33 - Providing Customer Details.....
2024-10-30 12:19:18 INFO  TC001_Account_Registration_Test:36 - Selected the Agree Checkbox.....
2024-10-30 12:19:18 INFO  TC001_Account_Registration_Test:39 - Clicked on Continue Button.....
2024-10-30 12:19:18 INFO  TC001_Account_Registration_Test:44 - Validated the Expected Message.....
2024-10-30 12:19:18 INFO  TC001_Account_Registration_Test:58 - ***** Finished TC001_Account_Registration_Test *****
2024-10-30 12:19:40 INFO  Utils:112 - [TestNG] Running:
  C:\Users\kmk\AppData\Local\JetBrains\IdeaIC2023.3\temp-testng-customsuite.xml

2024-10-30 12:19:44 INFO  TC001_Account_Registration_Test:16 - ***** Starting TC001_Account_Registration_Test *****
2024-10-30 12:19:45 INFO  TC001_Account_Registration_Test:20 - Clicked on My_Account Link.....
2024-10-30 12:19:45 INFO  TC001_Account_Registration_Test:22 - Clicked on Register Link.....
2024-10-30 12:19:45 INFO  TC001_Account_Registration_Test:33 - Providing Customer Details.....
2024-10-30 12:19:46 INFO  TC001_Account_Registration_Test:36 - Selected the Agree Checkbox.....
2024-10-30 12:19:46 INFO  TC001_Account_Registration_Test:39 - Clicked on Continue Button.....
2024-10-30 12:19:46 INFO  TC001_Account_Registration_Test:44 - Validated the Expected Message.....
2024-10-30 12:19:46 INFO  TC001_Account_Registration_Test:58 - ***** Finished TC001_Account_Registration_Test *****
